<?xml version="1.0" encoding="UTF-8"?>
<!-- Generated by org.testng.reporters.JUnitReportReporter -->
<testsuite hostname="DESKTOP-353CMR5" failures="0" tests="1" name="TestBases.TestCase1" time="0.495" errors="0" timestamp="2025-10-24T01:12:59 MYT" skipped="0">
  <testcase classname="TestBases.TestCase1" name="verifyLoginSuccessful" time="0.495"/>
</testsuite> <!-- TestBases.TestCase1 -->
