<?xml version="1.0" encoding="UTF-8"?>
<!-- Generated by org.testng.reporters.JUnitReportReporter -->
<testsuite hostname="DESKTOP-353CMR5" failures="0" tests="1" name="apiTest.apiTest3" time="0.623" errors="0" timestamp="2025-10-26T01:42:02 MYT" skipped="0">
  <testcase classname="apiTest.apiTest3" name="testUserResponse" time="0.623"/>
</testsuite> <!-- apiTest.apiTest3 -->
