<?xml version="1.0" encoding="UTF-8"?>
<!-- Generated by org.testng.reporters.JUnitReportReporter -->
<testsuite hostname="DESKTOP-353CMR5" failures="0" tests="1" name="UiTest.TestCase1" time="1.073" errors="0" timestamp="2025-10-26T03:40:23 MYT" skipped="0">
  <testcase classname="UiTest.TestCase1" name="verifyLoginSuccessful" time="1.073"/>
</testsuite> <!-- UiTest.TestCase1 -->
