<?xml version="1.0" encoding="UTF-8"?>
<!-- Generated by org.testng.reporters.JUnitReportReporter -->
<testsuite hostname="DESKTOP-353CMR5" failures="0" tests="1" name="apiTest.apiTest3" time="0.470" errors="0" timestamp="2025-10-25T22:53:17 MYT" skipped="0">
  <testcase classname="apiTest.apiTest3" name="testUserResponse" time="0.470"/>
</testsuite> <!-- apiTest.apiTest3 -->
