<?xml version="1.0" encoding="UTF-8"?>
<!-- Generated by org.testng.reporters.JUnitReportReporter -->
<testsuite hostname="DESKTOP-353CMR5" failures="0" tests="1" name="TestBases.TestCase1" time="0.896" errors="0" timestamp="2025-10-26T01:42:02 MYT" skipped="0">
  <testcase classname="TestBases.TestCase1" name="verifyLoginSuccessful" time="0.896"/>
</testsuite> <!-- TestBases.TestCase1 -->
