<?xml version="1.0" encoding="UTF-8"?>
<!-- Generated by org.testng.reporters.JUnitReportReporter -->
<testsuite hostname="DESKTOP-353CMR5" failures="0" tests="1" name="apiTest.apiTest1" time="2.951" errors="0" timestamp="2025-10-26T01:42:02 MYT" skipped="0">
  <testcase classname="apiTest.apiTest1" name="testCommentResponse" time="2.951"/>
</testsuite> <!-- apiTest.apiTest1 -->
