<?xml version="1.0" encoding="UTF-8"?>
<!-- Generated by org.testng.reporters.JUnitReportReporter -->
<testsuite hostname="DESKTOP-353CMR5" failures="0" tests="1" name="apiTest.apiTest1" time="3.157" errors="0" timestamp="2025-10-25T22:53:17 MYT" skipped="0">
  <testcase classname="apiTest.apiTest1" name="testCommentResponse" time="3.157"/>
</testsuite> <!-- apiTest.apiTest1 -->
